<?xml version="1.0" encoding="UTF-8"?>
<testng-results ignored="0" total="1" passed="1" failed="0" skipped="0">
  <reporter-output>
  </reporter-output>
  <suite started-at="2024-05-03T16:44:15 IST" name="Default suite" finished-at="2024-05-03T16:46:02 IST" duration-ms="106166">
    <groups>
    </groups>
    <test started-at="2024-05-03T16:44:15 IST" name="Default test" finished-at="2024-05-03T16:46:02 IST" duration-ms="106166">
      <class name="qa.Testlayer.TimeEntryTest">
        <test-method is-config="true" signature="intialize()[pri:0, instance:qa.Testlayer.TimeEntryTest@78ffe6dc]" started-at="2024-05-03T16:44:15 IST" name="intialize" finished-at="2024-05-03T16:44:34 IST" duration-ms="18534" status="PASS">
          <reporter-output>
          </reporter-output>
        </test-method> <!-- intialize -->
        <test-method signature="addTimeEntry()[pri:0, instance:qa.Testlayer.TimeEntryTest@78ffe6dc]" started-at="2024-05-03T16:44:34 IST" name="addTimeEntry" finished-at="2024-05-03T16:46:02 IST" duration-ms="87576" status="PASS">
          <reporter-output>
          </reporter-output>
        </test-method> <!-- addTimeEntry -->
      </class> <!-- qa.Testlayer.TimeEntryTest -->
    </test> <!-- Default test -->
  </suite> <!-- Default suite -->
</testng-results>
