<?xml version="1.0" encoding="UTF-8"?>
<testng-results ignored="0" total="9" passed="9" failed="0" skipped="0">
  <reporter-output>
  </reporter-output>
  <suite started-at="2024-07-17T12:23:26 IST" name="Default suite" finished-at="2024-07-17T12:28:30 IST" duration-ms="304105">
    <groups>
      <group name="cucumber">
        <method signature="AbstractTestNGCucumberTests.runScenario(io.cucumber.testng.PickleWrapper,io.cucumber.testng.FeatureWrapper)[pri:0, instance:testRunner.CheckTrackRunner@68567e20]" name="runScenario" class="io.cucumber.testng.AbstractTestNGCucumberTests"/>
      </group> <!-- cucumber -->
    </groups>
    <test started-at="2024-07-17T12:23:26 IST" name="Default test" finished-at="2024-07-17T12:28:30 IST" duration-ms="304105">
      <class name="testRunner.CheckTrackRunner">
        <test-method is-config="true" signature="setUpClass(org.testng.ITestContext)[pri:0, instance:testRunner.CheckTrackRunner@68567e20]" started-at="2024-07-17T12:23:26 IST" name="setUpClass" finished-at="2024-07-17T12:23:27 IST" duration-ms="773" status="PASS">
          <params>
            <param index="0">
              <value>
                <![CDATA[org.testng.TestRunner@7e8f23ad]]>
              </value>
            </param>
          </params>
          <reporter-output>
          </reporter-output>
        </test-method> <!-- setUpClass -->
        <test-method signature="runScenario(io.cucumber.testng.PickleWrapper,io.cucumber.testng.FeatureWrapper)[pri:0, instance:testRunner.CheckTrackRunner@68567e20]" started-at="2024-07-17T12:23:27 IST" name="runScenario" description="Runs Cucumber Scenarios" data-provider="scenarios" finished-at="2024-07-17T12:24:04 IST" duration-ms="37735" status="PASS">
          <params>
            <param index="0">
              <value>
                <![CDATA["Login Page Validations"]]>
              </value>
            </param>
            <param index="1">
              <value>
                <![CDATA["Verify the login Functionality"]]>
              </value>
            </param>
          </params>
          <reporter-output>
          </reporter-output>
        </test-method> <!-- runScenario -->
        <test-method signature="runScenario(io.cucumber.testng.PickleWrapper,io.cucumber.testng.FeatureWrapper)[pri:0, instance:testRunner.CheckTrackRunner@68567e20]" started-at="2024-07-17T12:24:04 IST" name="runScenario" description="Runs Cucumber Scenarios" data-provider="scenarios" finished-at="2024-07-17T12:24:46 IST" duration-ms="41620" status="PASS">
          <params>
            <param index="0">
              <value>
                <![CDATA["Login Page Validations"]]>
              </value>
            </param>
            <param index="1">
              <value>
                <![CDATA["Verify the login Functionality"]]>
              </value>
            </param>
          </params>
          <reporter-output>
          </reporter-output>
        </test-method> <!-- runScenario -->
        <test-method signature="runScenario(io.cucumber.testng.PickleWrapper,io.cucumber.testng.FeatureWrapper)[pri:0, instance:testRunner.CheckTrackRunner@68567e20]" started-at="2024-07-17T12:24:46 IST" name="runScenario" description="Runs Cucumber Scenarios" data-provider="scenarios" finished-at="2024-07-17T12:25:27 IST" duration-ms="40934" status="PASS">
          <params>
            <param index="0">
              <value>
                <![CDATA["Login Page Validations"]]>
              </value>
            </param>
            <param index="1">
              <value>
                <![CDATA["Verify the login Functionality"]]>
              </value>
            </param>
          </params>
          <reporter-output>
          </reporter-output>
        </test-method> <!-- runScenario -->
        <test-method signature="runScenario(io.cucumber.testng.PickleWrapper,io.cucumber.testng.FeatureWrapper)[pri:0, instance:testRunner.CheckTrackRunner@68567e20]" started-at="2024-07-17T12:25:27 IST" name="runScenario" description="Runs Cucumber Scenarios" data-provider="scenarios" finished-at="2024-07-17T12:26:00 IST" duration-ms="32754" status="PASS">
          <params>
            <param index="0">
              <value>
                <![CDATA["Login Page Validations"]]>
              </value>
            </param>
            <param index="1">
              <value>
                <![CDATA["Verify the login Functionality"]]>
              </value>
            </param>
          </params>
          <reporter-output>
          </reporter-output>
        </test-method> <!-- runScenario -->
        <test-method signature="runScenario(io.cucumber.testng.PickleWrapper,io.cucumber.testng.FeatureWrapper)[pri:0, instance:testRunner.CheckTrackRunner@68567e20]" started-at="2024-07-17T12:26:00 IST" name="runScenario" description="Runs Cucumber Scenarios" data-provider="scenarios" finished-at="2024-07-17T12:26:46 IST" duration-ms="46495" status="PASS">
          <params>
            <param index="0">
              <value>
                <![CDATA["Login Page Validations"]]>
              </value>
            </param>
            <param index="1">
              <value>
                <![CDATA["Verify the login Functionality"]]>
              </value>
            </param>
          </params>
          <reporter-output>
          </reporter-output>
        </test-method> <!-- runScenario -->
        <test-method signature="runScenario(io.cucumber.testng.PickleWrapper,io.cucumber.testng.FeatureWrapper)[pri:0, instance:testRunner.CheckTrackRunner@68567e20]" started-at="2024-07-17T12:26:46 IST" name="runScenario" description="Runs Cucumber Scenarios" data-provider="scenarios" finished-at="2024-07-17T12:27:18 IST" duration-ms="32219" status="PASS">
          <params>
            <param index="0">
              <value>
                <![CDATA["Login Page Validations"]]>
              </value>
            </param>
            <param index="1">
              <value>
                <![CDATA["Verify the login Functionality"]]>
              </value>
            </param>
          </params>
          <reporter-output>
          </reporter-output>
        </test-method> <!-- runScenario -->
        <test-method signature="runScenario(io.cucumber.testng.PickleWrapper,io.cucumber.testng.FeatureWrapper)[pri:0, instance:testRunner.CheckTrackRunner@68567e20]" started-at="2024-07-17T12:27:18 IST" name="runScenario" description="Runs Cucumber Scenarios" data-provider="scenarios" finished-at="2024-07-17T12:27:45 IST" duration-ms="26541" status="PASS">
          <params>
            <param index="0">
              <value>
                <![CDATA["Login Page Validations"]]>
              </value>
            </param>
            <param index="1">
              <value>
                <![CDATA["Verify the login Functionality"]]>
              </value>
            </param>
          </params>
          <reporter-output>
          </reporter-output>
        </test-method> <!-- runScenario -->
        <test-method signature="runScenario(io.cucumber.testng.PickleWrapper,io.cucumber.testng.FeatureWrapper)[pri:0, instance:testRunner.CheckTrackRunner@68567e20]" started-at="2024-07-17T12:27:45 IST" name="runScenario" description="Runs Cucumber Scenarios" data-provider="scenarios" finished-at="2024-07-17T12:28:09 IST" duration-ms="24017" status="PASS">
          <params>
            <param index="0">
              <value>
                <![CDATA["Login Page Validations"]]>
              </value>
            </param>
            <param index="1">
              <value>
                <![CDATA["Verify the login Functionality"]]>
              </value>
            </param>
          </params>
          <reporter-output>
          </reporter-output>
        </test-method> <!-- runScenario -->
        <test-method signature="runScenario(io.cucumber.testng.PickleWrapper,io.cucumber.testng.FeatureWrapper)[pri:0, instance:testRunner.CheckTrackRunner@68567e20]" started-at="2024-07-17T12:28:09 IST" name="runScenario" description="Runs Cucumber Scenarios" data-provider="scenarios" finished-at="2024-07-17T12:28:30 IST" duration-ms="20923" status="PASS">
          <params>
            <param index="0">
              <value>
                <![CDATA["Login Page Validations"]]>
              </value>
            </param>
            <param index="1">
              <value>
                <![CDATA["Verify the login Functionality"]]>
              </value>
            </param>
          </params>
          <reporter-output>
          </reporter-output>
        </test-method> <!-- runScenario -->
        <test-method is-config="true" signature="tearDownClass()[pri:0, instance:testRunner.CheckTrackRunner@68567e20]" started-at="2024-07-17T12:28:30 IST" name="tearDownClass" finished-at="2024-07-17T12:28:30 IST" duration-ms="40" status="PASS">
          <reporter-output>
          </reporter-output>
        </test-method> <!-- tearDownClass -->
      </class> <!-- testRunner.CheckTrackRunner -->
    </test> <!-- Default test -->
  </suite> <!-- Default suite -->
</testng-results>
