<?xml version="1.0" encoding="UTF-8"?>
<!-- Generated by org.testng.reporters.JUnitXMLReporter -->
<testsuite ignored="5" hostname="DESKTOP-FV7QQA3" failures="0" tests="1" name="Default test" time="20.183" errors="0" timestamp="2023-12-21T16:26:22 IST">
  <testcase classname="qa.Testlayer.LoginPageTest" name="loginPageTest_WithvalidCredential" time="5.559"/>
  <testcase classname="qa.Testlayer.LoginPageTest" name="loginPageTest_invalidEmailCredential" time="0.0">
    <ignored/>
  </testcase> <!-- loginPageTest_invalidEmailCredential -->
  <testcase classname="qa.Testlayer.LoginPageTest" name="loginPageTest_invalidpassCredential" time="0.0">
    <ignored/>
  </testcase> <!-- loginPageTest_invalidpassCredential -->
  <testcase classname="qa.Testlayer.LoginPageTest" name="loginPageTest_EmptyPassword" time="0.0">
    <ignored/>
  </testcase> <!-- loginPageTest_EmptyPassword -->
  <testcase classname="qa.Testlayer.LoginPageTest" name="loginPageTest_EmptyInpute" time="0.0">
    <ignored/>
  </testcase> <!-- loginPageTest_EmptyInpute -->
  <testcase classname="qa.Testlayer.LoginPageTest" name="loginPageTest_EmptyEmail" time="0.0">
    <ignored/>
  </testcase> <!-- loginPageTest_EmptyEmail -->
</testsuite> <!-- Default test -->
